<?xml version="1.0" encoding="UTF-8"?>
<!-- Generated by org.testng.reporters.JUnitReportReporter -->
<testsuite hostname="Mohamed-Zahran.local" failures="0" tests="1" name="AutomationClass" time="23.165" errors="0" timestamp="2023-04-20T16:59:16 EET" skipped="0">
  <testcase classname="AutomationClass" name="myTest" time="23.165"/>
  <system-out/>
</testsuite> <!-- AutomationClass -->
